<?xml version="1.0" encoding="UTF-8"?>
<!-- Generated by org.testng.reporters.JUnitReportReporter -->
<testsuite skipped="0" hostname="CPX-85J1I2YMCLF" name="test_Classes.Test_Annotation" tests="3" failures="0" timestamp="06 huhtikuuta 2018 08:59:39 GMT" time="0.026" errors="0">
  <testcase name="testMethod2" time="0.003" classname="test_Classes.Test_Annotation"/>
  <testcase name="testMethod3" time="0.008" classname="test_Classes.Test_Annotation"/>
  <testcase name="testMethod1" time="0.015" classname="test_Classes.Test_Annotation"/>
</testsuite> <!-- test_Classes.Test_Annotation -->
